<?xml version="1.0" encoding="UTF-8"?>
<testsuite xmlns:xsi="http://www.w3.org/2001/XMLSchema-instance" xsi:noNamespaceSchemaLocation="https://maven.apache.org/surefire/maven-surefire-plugin/xsd/surefire-test-report-3.0.xsd" version="3.0" name="com.bankingsystem.test.DepositServiceTest" time="2.236" tests="4" errors="0" skipped="0" failures="0">
  <properties>
[...]
</properties>
  <testcase name="shouldThrowExceptionForZeroAmount" classname="com.bankingsystem.test.DepositServiceTest" time="2.121"/>
  <testcase name="shouldThrowExceptionForNegativeAmount" classname="com.bankingsystem.test.DepositServiceTest" time="0.009"/>
  <testcase name="shouldThrowExceptionForInvalidAccount" classname="com.bankingsystem.test.DepositServiceTest" time="0.012"/>
  <testcase name="shouldProcessDepositSuccessfully" classname="com.bankingsystem.test.DepositServiceTest" time="0.037"/>
</testsuite>